<?xml version="1.0" encoding="UTF-8"?>
<!-- Generated by org.testng.reporters.JUnitReportReporter -->
<testsuite hostname="DESKTOP-1MTPE0U" failures="0" tests="1" name="extentReport.ToAttachScreenshot" time="9.194" errors="0" timestamp="2024-11-07T13:40:40 IST" skipped="0">
  <testcase classname="extentReport.ToAttachScreenshot" name="addScreenShot" time="9.194"/>
  <system-out/>
</testsuite> <!-- extentReport.ToAttachScreenshot -->
