<?xml version="1.0" encoding="UTF-8"?>
<!-- Generated by org.testng.reporters.JUnitReportReporter -->
<testsuite hostname="DESKTOP-1MTPE0U" failures="0" tests="1" name="extentReport.ToLearnExtentReport" time="1.025" errors="0" timestamp="2024-11-07T13:19:52 IST" skipped="0">
  <testcase classname="extentReport.ToLearnExtentReport" name="report" time="1.025"/>
  <system-out/>
</testsuite> <!-- extentReport.ToLearnExtentReport -->
